[2025-03-19 18:44:56,542] {INFO} - selected_ingredients: ['']
[2025-03-19 18:45:07,392] {INFO} - selected_ingredients: ['']
[2025-03-19 18:45:35,191] {INFO} - menu_item: 1
[2025-03-19 18:45:58,667] {INFO} - menu_item: 1
[2025-03-19 18:46:27,590] {INFO} - menu_item: 1
[2025-03-19 18:48:08,898] {INFO} - menu_item: 1
[2025-03-19 18:48:13,226] {INFO} - menu_item: 1
[2025-03-19 19:19:39,571] {INFO} - selected_ingredients: ['1:3']
[2025-03-19 19:20:55,765] {DEBUG} - Ingredients: {'1': '3'}
[2025-03-19 19:31:03,884] {DEBUG} - Ingredients: {1: 'orange jelly', 2: 'eggs', 3: 'cane sugar'}
[2025-03-19 19:34:00,929] {DEBUG} - Ingredients: {1: 'orange jelly', 2: 'eggs', 3: 'cane sugar'}
[2025-03-19 19:34:00,943] {DEBUG} - Dictionary: 
[2025-03-19 19:35:12,893] {DEBUG} - Ingredients: {1: 'orange jelly', 2: 'eggs', 3: 'cane sugar'}
[2025-03-19 19:35:43,077] {DEBUG} - Ingredients: {1: 'orange jelly', 2: 'eggs', 3: 'cane sugar'}
[2025-03-19 19:36:54,018] {DEBUG} - Ingredients: {1: 'orange jelly', 2: 'eggs', 3: 'cane sugar'}
[2025-03-19 19:37:08,818] {DEBUG} - Ingredients: {'1': '1', '2': '2', '3': '3'}
[2025-03-19 19:37:11,193] {DEBUG} - Ingredients: {1: 'orange jelly', 2: 'eggs', 3: 'cane sugar'}
[2025-03-19 19:37:17,253] {DEBUG} - Ingredients: {1: 'orange jelly', 2: 'eggs', 3: 'cane sugar'}
[2025-03-20 11:51:37,970] {DEBUG} - Ingredients: {1: 'orange jelly', 2: 'eggs', 3: 'cane sugar'}
[2025-03-20 11:52:04,591] {DEBUG} - Ingredients: {'1': '200', '3': '2'}
[2025-03-20 11:52:06,260] {DEBUG} - Ingredients: {1: 'orange jelly', 2: 'eggs', 3: 'cane sugar'}
[2025-03-20 11:52:12,055] {DEBUG} - Ingredients: {1: 'orange jelly', 2: 'eggs', 3: 'cane sugar'}
[2025-03-20 12:53:12,355] {DEBUG} - Selected ingredients: ['1:1']
[2025-03-20 12:54:29,184] {DEBUG} - Ingredient ID: 1
[2025-03-20 12:54:29,185] {DEBUG} - Quantity: 1
[2025-03-20 12:55:22,670] {DEBUG} - Ingredient ID: 1
[2025-03-20 12:55:22,670] {DEBUG} - Quantity: 1
[2025-03-20 12:55:37,488] {DEBUG} - Items: {'1': '1'}
[2025-03-20 12:59:55,224] {DEBUG} - Items: {'1': '3', '39': '5135135151351'}
[2025-03-20 13:01:45,557] {DEBUG} - Items: {'1': '1'}
[2025-03-20 13:02:25,290] {DEBUG} - price: 0.3
[2025-03-20 13:02:25,291] {DEBUG} - Costs: [0.3]
[2025-03-20 13:08:17,615] {DEBUG} - price: 100.0
[2025-03-20 13:08:17,616] {DEBUG} - Costs: [0.3]
[2025-03-20 13:08:49,132] {DEBUG} - price: 100.0
[2025-03-20 13:08:49,133] {DEBUG} - Costs: [100.0]
[2025-03-20 13:09:57,622] {DEBUG} - price: 100.0
[2025-03-20 13:09:57,623] {DEBUG} - Costs: [10000.0]
[2025-03-20 13:10:05,287] {DEBUG} - price: 100.0
[2025-03-20 13:10:05,287] {DEBUG} - Costs: [10000.0]
[2025-03-20 13:10:41,395] {DEBUG} - price: 100.0
[2025-03-20 13:10:41,395] {DEBUG} - Costs: [10000.0]
[2025-03-20 13:10:41,397] {DEBUG} - price: 100.0
[2025-03-20 13:10:41,397] {DEBUG} - Costs: [10000.0, 100.0]
[2025-03-20 13:11:59,812] {DEBUG} - Items: {'1': '1', '39': '2'}
[2025-03-20 13:11:59,812] {DEBUG} - Cost: 300.0
[2025-03-20 13:14:39,172] {DEBUG} - Items: {'1': '1', '39': '2'}
[2025-03-20 13:14:39,173] {DEBUG} - Cost: 300.0
[2025-03-20 13:16:12,548] {DEBUG} - Items: {'1': '1', '39': '2'}
[2025-03-20 13:16:12,549] {DEBUG} - Cost: 300.0
[2025-03-20 13:19:19,557] {DEBUG} - Ingredients: {1: 'orange jelly', 2: 'eggs', 3: 'cane sugar'}
[2025-03-20 13:35:56,857] {DEBUG} - Recipe: <QuerySet []>
[2025-03-20 13:36:15,875] {DEBUG} - Recipe: <QuerySet []>
[2025-03-20 13:36:15,878] {DEBUG} - Recipe: <QuerySet [<RecipeRequirement: milkshake>]>
[2025-03-20 13:36:15,879] {DEBUG} - Menu max amount: {}
[2025-03-20 13:36:18,420] {DEBUG} - Recipe: <QuerySet []>
[2025-03-20 13:36:18,421] {DEBUG} - Recipe: <QuerySet [<RecipeRequirement: milkshake>]>
[2025-03-20 13:36:18,422] {DEBUG} - Menu max amount: {}
[2025-03-20 13:36:38,746] {DEBUG} - Recipe: <QuerySet []>
[2025-03-20 13:36:38,748] {DEBUG} - Recipe: <QuerySet [<RecipeRequirement: milkshake>]>
[2025-03-20 13:36:38,748] {DEBUG} - Menu max amount: {}
[2025-03-20 13:37:04,539] {DEBUG} - Ingredients: {1: 'orange jelly', 2: 'eggs', 3: 'cane sugar', 10: 'milk'}
[2025-03-20 13:38:31,605] {DEBUG} - Ingredients: {1: 'orange jelly', 2: 'eggs', 3: 'cane sugar', 10: 'milk'}
[2025-03-20 13:39:00,758] {DEBUG} - Ingredients: {'10': '1'}
[2025-03-20 13:39:02,663] {DEBUG} - Ingredients: {1: 'orange jelly', 2: 'eggs', 3: 'cane sugar', 10: 'milk'}
[2025-03-20 13:39:48,486] {DEBUG} - Ingredients: {'1': '20', '3': '1', '10': '0.3'}
[2025-03-20 13:39:49,926] {DEBUG} - Ingredients: {1: 'orange jelly', 2: 'eggs', 3: 'cane sugar', 10: 'milk'}
[2025-03-20 13:39:54,521] {DEBUG} - Recipe: <QuerySet [<RecipeRequirement: milkshake>]>
[2025-03-20 13:39:54,522] {DEBUG} - Recipe: <QuerySet [<RecipeRequirement: coffe>]>
[2025-03-20 13:39:54,524] {DEBUG} - Recipe: <QuerySet [<RecipeRequirement: Django cafe coffe>]>
[2025-03-20 13:39:54,524] {DEBUG} - Menu max amount: {}
[2025-03-20 13:42:28,342] {DEBUG} - Recipe: {'1': '200', '3': '2'}
[2025-03-20 13:42:28,343] {DEBUG} - Recipe: {'10': '1'}
[2025-03-20 13:42:28,344] {DEBUG} - Recipe: {'1': '20', '3': '1', '10': '0.3'}
[2025-03-20 13:42:28,345] {DEBUG} - Menu max amount: {}
[2025-03-20 13:44:04,320] {DEBUG} - Recipe: {'1': '200', '3': '2'}
[2025-03-20 13:44:16,085] {DEBUG} - Recipe: {'1': '200', '3': '2'}
[2025-03-20 13:44:53,208] {DEBUG} - Recipe: {'1': '200', '3': '2'}
[2025-03-20 13:59:49,812] {DEBUG} - Recipe: {'1': '200', '3': '2'}
[2025-03-20 13:59:53,493] {DEBUG} - Recipe: {'1': '200', '3': '2'}
[2025-03-20 13:59:53,495] {DEBUG} - Recipe: {'10': '1'}
[2025-03-20 13:59:53,496] {DEBUG} - Recipe: {'1': '20', '3': '1', '10': '0.3'}
[2025-03-20 13:59:53,496] {DEBUG} - Menu max amount: {39: 1.5, 40: 100.0, 41: 15.0}
[2025-03-20 14:01:36,021] {DEBUG} - Ingredients: {'11': '50', '12': '25'}
[2025-03-20 14:01:41,587] {DEBUG} - Recipe: {'1': '200', '3': '2'}
[2025-03-20 14:01:41,589] {DEBUG} - Recipe: {'10': '1'}
[2025-03-20 14:01:41,590] {DEBUG} - Recipe: {'1': '20', '3': '1', '10': '0.3'}
[2025-03-20 14:01:41,592] {DEBUG} - Recipe: {'11': '50', '12': '25'}
[2025-03-20 14:01:41,593] {DEBUG} - Menu max amount: {39: 1.5, 40: 100.0, 41: 15.0, 42: 0.0}
[2025-03-20 14:03:16,211] {DEBUG} - Ingredients: {'13': '50', '14': '25'}
[2025-03-20 14:03:18,454] {DEBUG} - Recipe: {'1': '200', '3': '2'}
[2025-03-20 14:03:18,456] {DEBUG} - Recipe: {'10': '1'}
[2025-03-20 14:03:18,458] {DEBUG} - Recipe: {'1': '20', '3': '1', '10': '0.3'}
[2025-03-20 14:03:18,460] {DEBUG} - Recipe: {'11': '50', '12': '25'}
[2025-03-20 14:03:35,705] {DEBUG} - Recipe: {'1': '200', '3': '2'}
[2025-03-20 14:03:35,708] {DEBUG} - Recipe: {'10': '1'}
[2025-03-20 14:03:35,711] {DEBUG} - Recipe: {'1': '20', '3': '1', '10': '0.3'}
[2025-03-20 14:03:35,713] {DEBUG} - Recipe: {'13': '50', '14': '25'}
[2025-03-20 14:03:35,714] {DEBUG} - Menu max amount: {39: 1.5, 40: 100.0, 41: 15.0, 43: 2.02}
[2025-03-20 14:09:03,665] {DEBUG} - Recipe: {'1': '200', '3': '2'}
[2025-03-20 14:09:03,667] {DEBUG} - Recipe: {'10': '1'}
[2025-03-20 14:09:03,669] {DEBUG} - Recipe: {'1': '20', '3': '1', '10': '0.3'}
[2025-03-20 14:09:03,671] {DEBUG} - Recipe: {'13': '50', '14': '25'}
[2025-03-20 14:09:03,672] {DEBUG} - Menu max amount: {39: 1.5, 40: 100.0, 41: 15.0, 43: 2.02}
[2025-03-20 14:09:53,215] {DEBUG} - Recipe: {'1': '200', '3': '2'}
[2025-03-20 14:09:53,217] {DEBUG} - Recipe: {'10': '1'}
[2025-03-20 14:09:53,218] {DEBUG} - Recipe: {'1': '20', '3': '1', '10': '0.3'}
[2025-03-20 14:09:53,219] {DEBUG} - Recipe: {'13': '50', '14': '25'}
[2025-03-20 14:09:53,220] {DEBUG} - Menu max amount: {39: 1.5, 40: 100.0, 41: 15.0, 43: 2.02}
[2025-03-20 14:10:30,209] {DEBUG} - Recipe: {'1': '200', '3': '2'}
[2025-03-20 14:10:30,210] {DEBUG} - Recipe: {'10': '1'}
[2025-03-20 14:10:30,212] {DEBUG} - Recipe: {'1': '20', '3': '1', '10': '0.3'}
[2025-03-20 14:10:30,213] {DEBUG} - Recipe: {'13': '50', '14': '25'}
[2025-03-20 14:10:30,214] {DEBUG} - Menu max amount: {39: 1.5, 40: 100.0, 41: 15.0, 43: 2.02}
[2025-03-20 14:11:56,624] {DEBUG} - Recipe: {'1': '200', '3': '2'}
[2025-03-20 14:11:56,626] {DEBUG} - Recipe: {'10': '1'}
[2025-03-20 14:11:56,627] {DEBUG} - Recipe: {'1': '20', '3': '1', '10': '0.3'}
[2025-03-20 14:11:56,628] {DEBUG} - Recipe: {'13': '50', '14': '25'}
[2025-03-20 14:11:56,629] {DEBUG} - Menu max amount: {39: 1.5, 40: 100.0, 41: 15.0, 43: 2.02}
[2025-03-20 14:13:17,842] {DEBUG} - Recipe: {'1': '200', '3': '2'}
[2025-03-20 14:13:17,844] {DEBUG} - Recipe: {'10': '1'}
[2025-03-20 14:13:17,849] {DEBUG} - Recipe: {'1': '20', '3': '1', '10': '0.3'}
[2025-03-20 14:13:17,852] {DEBUG} - Recipe: {'13': '50', '14': '25'}
[2025-03-20 14:13:17,854] {DEBUG} - Menu max amount: {39: 1.5, 40: 100.0, 41: 15.0, 43: 2.02}
[2025-03-20 14:13:23,474] {DEBUG} - Recipe: {'1': '200', '3': '2'}
[2025-03-20 14:13:23,475] {DEBUG} - Recipe: {'10': '1'}
[2025-03-20 14:13:23,477] {DEBUG} - Recipe: {'1': '20', '3': '1', '10': '0.3'}
[2025-03-20 14:13:23,478] {DEBUG} - Recipe: {'13': '50', '14': '25'}
[2025-03-20 14:13:23,478] {DEBUG} - Menu max amount: {39: 1.5, 40: 100.0, 41: 15.0, 43: 2.02}
[2025-03-20 14:13:26,746] {DEBUG} - Recipe: {'1': '200', '3': '2'}
[2025-03-20 14:13:26,748] {DEBUG} - Recipe: {'10': '1'}
[2025-03-20 14:13:26,749] {DEBUG} - Recipe: {'1': '20', '3': '1', '10': '0.3'}
[2025-03-20 14:13:26,750] {DEBUG} - Recipe: {'13': '50', '14': '25'}
[2025-03-20 14:13:26,751] {DEBUG} - Menu max amount: {39: 1.5, 40: 100.0, 41: 15.0, 43: 2.02}
[2025-03-20 14:13:56,237] {DEBUG} - Recipe: {'1': '200', '3': '2'}
[2025-03-20 14:13:56,240] {DEBUG} - Recipe: {'10': '1'}
[2025-03-20 14:13:56,242] {DEBUG} - Recipe: {'1': '20', '3': '1', '10': '0.3'}
[2025-03-20 14:13:56,243] {DEBUG} - Recipe: {'13': '50', '14': '25'}
[2025-03-20 14:13:56,244] {DEBUG} - Menu max amount: {39: 1.5, 40: 100.0, 41: 15.0, 43: 2.02}
[2025-03-20 14:14:23,936] {DEBUG} - Recipe: {'1': '200', '3': '2'}
[2025-03-20 14:14:23,939] {DEBUG} - Recipe: {'10': '1'}
[2025-03-20 14:14:23,941] {DEBUG} - Recipe: {'1': '20', '3': '1', '10': '0.3'}
[2025-03-20 14:14:23,944] {DEBUG} - Recipe: {'13': '50', '14': '25'}
[2025-03-20 14:14:23,945] {DEBUG} - Menu max amount: {39: 1.5, 40: 100.0, 41: 15.0, 43: 2.02}
[2025-03-20 14:22:11,131] {DEBUG} - Recipe: {'1': '200', '3': '2'}
[2025-03-20 14:22:11,135] {DEBUG} - Recipe: {'10': '1'}
[2025-03-20 14:22:11,138] {DEBUG} - Recipe: {'1': '20', '3': '1', '10': '0.3'}
[2025-03-20 14:22:11,140] {DEBUG} - Recipe: {'13': '50', '14': '25'}
[2025-03-20 14:22:11,141] {DEBUG} - Menu max amount: {39: 1.5, 40: 100.0, 41: 15.0, 43: 2.02}
[2025-03-20 14:22:26,846] {DEBUG} - Recipe: {'1': '200', '3': '2'}
[2025-03-20 14:22:26,847] {DEBUG} - Recipe: {'10': '1'}
[2025-03-20 14:22:26,850] {DEBUG} - Recipe: {'1': '20', '3': '1', '10': '0.3'}
[2025-03-20 14:22:26,851] {DEBUG} - Recipe: {'13': '50', '14': '25'}
[2025-03-20 14:22:26,852] {DEBUG} - Menu max amount: {39: 1.5, 40: 100.0, 41: 15.0, 43: 2.02}
[2025-03-20 14:24:19,443] {DEBUG} - Recipe: {'1': '200', '3': '2'}
[2025-03-20 14:24:19,446] {DEBUG} - Recipe: {'10': '1'}
[2025-03-20 14:24:19,447] {DEBUG} - Recipe: {'1': '20', '3': '1', '10': '0.3'}
[2025-03-20 14:24:19,448] {DEBUG} - Recipe: {'13': '50', '14': '25'}
[2025-03-20 14:24:19,449] {DEBUG} - Menu max amount: {39: 1.5, 40: 100.0, 41: 15.0, 43: 2.02}
[2025-03-20 14:24:42,780] {DEBUG} - Recipe: {'1': '200', '3': '2'}
[2025-03-20 14:24:42,785] {DEBUG} - Recipe: {'10': '1'}
[2025-03-20 14:24:42,788] {DEBUG} - Recipe: {'1': '20', '3': '1', '10': '0.3'}
[2025-03-20 14:24:42,791] {DEBUG} - Recipe: {'13': '50', '14': '25'}
[2025-03-20 14:24:42,792] {DEBUG} - Menu max amount: {39: 1.5, 40: 100.0, 41: 15.0, 43: 2.02}
[2025-03-20 14:25:19,091] {DEBUG} - Recipe: {'1': '200', '3': '2'}
[2025-03-20 14:25:19,095] {DEBUG} - Recipe: {'10': '1'}
[2025-03-20 14:25:19,097] {DEBUG} - Recipe: {'1': '20', '3': '1', '10': '0.3'}
[2025-03-20 14:25:19,101] {DEBUG} - Recipe: {'13': '50', '14': '25'}
[2025-03-20 14:25:19,103] {DEBUG} - Menu max amount: {39: 1.5, 40: 100.0, 41: 15.0, 43: 2.02}
[2025-03-20 14:25:47,431] {DEBUG} - Recipe: {'1': '200', '3': '2'}
[2025-03-20 14:25:47,435] {DEBUG} - Recipe: {'10': '1'}
[2025-03-20 14:25:47,438] {DEBUG} - Recipe: {'1': '20', '3': '1', '10': '0.3'}
[2025-03-20 14:25:47,440] {DEBUG} - Recipe: {'13': '50', '14': '25'}
[2025-03-20 14:25:47,442] {DEBUG} - Menu max amount: {39: 1.5, 40: 100.0, 41: 15.0, 43: 2.02}
[2025-03-20 14:26:01,536] {DEBUG} - Recipe: {'1': '200', '3': '2'}
[2025-03-20 14:26:01,538] {DEBUG} - Recipe: {'10': '1'}
[2025-03-20 14:26:01,540] {DEBUG} - Recipe: {'1': '20', '3': '1', '10': '0.3'}
[2025-03-20 14:26:01,541] {DEBUG} - Recipe: {'13': '50', '14': '25'}
[2025-03-20 14:26:01,542] {DEBUG} - Menu max amount: {39: 1.5, 40: 100.0, 41: 15.0, 43: 2.02}
[2025-03-20 14:26:35,745] {DEBUG} - Recipe: {'1': '200', '3': '2'}
[2025-03-20 14:26:35,748] {DEBUG} - Recipe: {'10': '1'}
[2025-03-20 14:26:35,750] {DEBUG} - Recipe: {'1': '20', '3': '1', '10': '0.3'}
[2025-03-20 14:26:35,752] {DEBUG} - Recipe: {'13': '50', '14': '25'}
[2025-03-20 14:26:35,754] {DEBUG} - Menu max amount: {39: 1.5, 40: 100.0, 41: 15.0, 43: 2.02}
[2025-03-20 14:26:53,263] {DEBUG} - Recipe: {'1': '200', '3': '2'}
[2025-03-20 14:26:53,265] {DEBUG} - Recipe: {'10': '1'}
[2025-03-20 14:26:53,266] {DEBUG} - Recipe: {'1': '20', '3': '1', '10': '0.3'}
[2025-03-20 14:26:53,268] {DEBUG} - Recipe: {'13': '50', '14': '25'}
[2025-03-20 14:26:53,269] {DEBUG} - Menu max amount: {39: 1.5, 40: 100.0, 41: 15.0, 43: 2.02}
[2025-03-20 14:28:39,613] {DEBUG} - Recipe: {'1': '200', '3': '2'}
[2025-03-20 14:28:39,616] {DEBUG} - Recipe: {'10': '1'}
[2025-03-20 14:28:39,618] {DEBUG} - Recipe: {'1': '20', '3': '1', '10': '0.3'}
[2025-03-20 14:28:39,620] {DEBUG} - Recipe: {'13': '50', '14': '25'}
[2025-03-20 14:28:39,621] {DEBUG} - Menu max amount: {39: 1.5, 40: 100.0, 41: 15.0, 43: 2.02}
[2025-03-20 14:29:35,232] {DEBUG} - Recipe: {'1': '200', '3': '2'}
[2025-03-20 14:29:35,234] {DEBUG} - Recipe: {'10': '1'}
[2025-03-20 14:29:35,236] {DEBUG} - Recipe: {'1': '20', '3': '1', '10': '0.3'}
[2025-03-20 14:29:35,238] {DEBUG} - Recipe: {'13': '50', '14': '25'}
[2025-03-20 14:29:35,239] {DEBUG} - Menu max amount: {39: 1.5, 40: 100.0, 41: 15.0, 43: 2.02}
[2025-03-20 14:29:48,038] {DEBUG} - Recipe: {'1': '200', '3': '2'}
[2025-03-20 14:29:48,040] {DEBUG} - Recipe: {'10': '1'}
[2025-03-20 14:29:48,043] {DEBUG} - Recipe: {'1': '20', '3': '1', '10': '0.3'}
[2025-03-20 14:29:48,046] {DEBUG} - Recipe: {'13': '50', '14': '25'}
[2025-03-20 14:29:48,047] {DEBUG} - Menu max amount: {39: 1.5, 40: 100.0, 41: 15.0, 43: 2.02}
[2025-03-20 14:30:05,649] {DEBUG} - Recipe: {'1': '200', '3': '2'}
[2025-03-20 14:30:05,653] {DEBUG} - Recipe: {'10': '1'}
[2025-03-20 14:30:05,655] {DEBUG} - Recipe: {'1': '20', '3': '1', '10': '0.3'}
[2025-03-20 14:30:05,658] {DEBUG} - Recipe: {'13': '50', '14': '25'}
[2025-03-20 14:30:05,660] {DEBUG} - Menu max amount: {39: 1.5, 40: 100.0, 41: 15.0, 43: 2.02}
[2025-03-20 14:30:14,957] {DEBUG} - Recipe: {'1': '200', '3': '2'}
[2025-03-20 14:30:14,960] {DEBUG} - Recipe: {'10': '1'}
[2025-03-20 14:30:14,963] {DEBUG} - Recipe: {'1': '20', '3': '1', '10': '0.3'}
[2025-03-20 14:30:14,967] {DEBUG} - Recipe: {'13': '50', '14': '25'}
[2025-03-20 14:30:14,968] {DEBUG} - Menu max amount: {39: 1.5, 40: 100.0, 41: 15.0, 43: 2.02}
[2025-03-20 14:30:26,995] {DEBUG} - Recipe: {'1': '200', '3': '2'}
[2025-03-20 14:30:26,997] {DEBUG} - Recipe: {'10': '1'}
[2025-03-20 14:30:26,999] {DEBUG} - Recipe: {'1': '20', '3': '1', '10': '0.3'}
[2025-03-20 14:30:27,001] {DEBUG} - Recipe: {'13': '50', '14': '25'}
[2025-03-20 14:30:27,002] {DEBUG} - Menu max amount: {39: 1.5, 40: 100.0, 41: 15.0, 43: 2.02}
[2025-03-20 14:30:30,992] {DEBUG} - Recipe: {'1': '200', '3': '2'}
[2025-03-20 14:30:30,993] {DEBUG} - Recipe: {'10': '1'}
[2025-03-20 14:30:30,994] {DEBUG} - Recipe: {'1': '20', '3': '1', '10': '0.3'}
[2025-03-20 14:30:30,996] {DEBUG} - Recipe: {'13': '50', '14': '25'}
[2025-03-20 14:30:30,997] {DEBUG} - Menu max amount: {39: 1.5, 40: 100.0, 41: 15.0, 43: 2.02}
[2025-03-20 14:30:41,048] {DEBUG} - Recipe: {'1': '200', '3': '2'}
[2025-03-20 14:30:41,049] {DEBUG} - Recipe: {'10': '1'}
[2025-03-20 14:30:41,051] {DEBUG} - Recipe: {'1': '20', '3': '1', '10': '0.3'}
[2025-03-20 14:30:41,052] {DEBUG} - Recipe: {'13': '50', '14': '25'}
[2025-03-20 14:30:41,053] {DEBUG} - Menu max amount: {39: 1.5, 40: 100.0, 41: 15.0, 43: 2.02}
[2025-03-20 14:31:15,451] {DEBUG} - Recipe: {'1': '200', '3': '2'}
[2025-03-20 14:31:15,453] {DEBUG} - Recipe: {'10': '1'}
[2025-03-20 14:31:15,455] {DEBUG} - Recipe: {'1': '20', '3': '1', '10': '0.3'}
[2025-03-20 14:31:15,457] {DEBUG} - Recipe: {'13': '50', '14': '25'}
[2025-03-20 14:31:15,459] {DEBUG} - Menu max amount: {39: 1.5, 40: 100.0, 41: 15.0, 43: 2.02}
[2025-03-20 14:31:31,911] {DEBUG} - Recipe: {'1': '200', '3': '2'}
[2025-03-20 14:31:31,913] {DEBUG} - Recipe: {'10': '1'}
[2025-03-20 14:31:31,915] {DEBUG} - Recipe: {'1': '20', '3': '1', '10': '0.3'}
[2025-03-20 14:31:31,917] {DEBUG} - Recipe: {'13': '50', '14': '25'}
[2025-03-20 14:31:31,918] {DEBUG} - Menu max amount: {39: 1.5, 40: 100.0, 41: 15.0, 43: 2.02}
[2025-03-20 14:31:35,180] {DEBUG} - Recipe: {'1': '200', '3': '2'}
[2025-03-20 14:31:35,182] {DEBUG} - Recipe: {'10': '1'}
[2025-03-20 14:31:35,183] {DEBUG} - Recipe: {'1': '20', '3': '1', '10': '0.3'}
[2025-03-20 14:31:35,186] {DEBUG} - Recipe: {'13': '50', '14': '25'}
[2025-03-20 14:31:35,187] {DEBUG} - Menu max amount: {39: 1.5, 40: 100.0, 41: 15.0, 43: 2.02}
[2025-03-20 14:31:59,887] {DEBUG} - Recipe: {'1': '200', '3': '2'}
[2025-03-20 14:31:59,889] {DEBUG} - Recipe: {'10': '1'}
[2025-03-20 14:31:59,890] {DEBUG} - Recipe: {'1': '20', '3': '1', '10': '0.3'}
[2025-03-20 14:31:59,891] {DEBUG} - Recipe: {'13': '50', '14': '25'}
[2025-03-20 14:31:59,892] {DEBUG} - Menu max amount: {39: 1.5, 40: 100.0, 41: 15.0, 43: 2.02}
[2025-03-20 14:32:18,871] {DEBUG} - Recipe: {'1': '200', '3': '2'}
[2025-03-20 14:32:18,873] {DEBUG} - Recipe: {'10': '1'}
[2025-03-20 14:32:18,874] {DEBUG} - Recipe: {'1': '20', '3': '1', '10': '0.3'}
[2025-03-20 14:32:18,876] {DEBUG} - Recipe: {'13': '50', '14': '25'}
[2025-03-20 14:32:18,877] {DEBUG} - Menu max amount: {39: 1.5, 40: 100.0, 41: 15.0, 43: 2.02}
[2025-03-20 14:32:22,450] {DEBUG} - Recipe: {'1': '200', '3': '2'}
[2025-03-20 14:32:22,452] {DEBUG} - Recipe: {'10': '1'}
[2025-03-20 14:32:22,455] {DEBUG} - Recipe: {'1': '20', '3': '1', '10': '0.3'}
[2025-03-20 14:32:22,457] {DEBUG} - Recipe: {'13': '50', '14': '25'}
[2025-03-20 14:32:22,458] {DEBUG} - Menu max amount: {39: 1.5, 40: 100.0, 41: 15.0, 43: 2.02}
[2025-03-20 14:32:39,478] {DEBUG} - Recipe: {'1': '200', '3': '2'}
[2025-03-20 14:32:39,480] {DEBUG} - Recipe: {'10': '1'}
[2025-03-20 14:32:39,481] {DEBUG} - Recipe: {'1': '20', '3': '1', '10': '0.3'}
[2025-03-20 14:32:39,483] {DEBUG} - Recipe: {'13': '50', '14': '25'}
[2025-03-20 14:32:39,485] {DEBUG} - Menu max amount: {39: 1.5, 40: 100.0, 41: 15.0, 43: 2.02}
[2025-03-20 14:33:32,822] {DEBUG} - Recipe: {'1': '200', '3': '2'}
[2025-03-20 14:33:32,824] {DEBUG} - Recipe: {'10': '1'}
[2025-03-20 14:33:32,826] {DEBUG} - Recipe: {'1': '20', '3': '1', '10': '0.3'}
[2025-03-20 14:33:32,827] {DEBUG} - Recipe: {'13': '50', '14': '25'}
[2025-03-20 14:33:32,827] {DEBUG} - Menu max amount: {39: 1.5, 40: 100.0, 41: 15.0, 43: 2.02}
[2025-03-20 14:34:21,101] {DEBUG} - Recipe: {'1': '200', '3': '2'}
[2025-03-20 14:34:21,103] {DEBUG} - Recipe: {'10': '1'}
[2025-03-20 14:34:21,105] {DEBUG} - Recipe: {'1': '20', '3': '1', '10': '0.3'}
[2025-03-20 14:34:21,106] {DEBUG} - Recipe: {'13': '50', '14': '25'}
[2025-03-20 14:34:21,107] {DEBUG} - Menu max amount: {39: 1.5, 40: 100.0, 41: 15.0, 43: 2.02}
[2025-03-20 14:35:09,878] {DEBUG} - Recipe: {'1': '200', '3': '2'}
[2025-03-20 14:35:09,881] {DEBUG} - Recipe: {'10': '1'}
[2025-03-20 14:35:09,883] {DEBUG} - Recipe: {'1': '20', '3': '1', '10': '0.3'}
[2025-03-20 14:35:09,885] {DEBUG} - Recipe: {'13': '50', '14': '25'}
[2025-03-20 14:35:09,887] {DEBUG} - Menu max amount: {39: 1.5, 40: 100.0, 41: 15.0, 43: 2.02}
[2025-03-20 14:35:59,227] {DEBUG} - Recipe: {'1': '200', '3': '2'}
[2025-03-20 14:35:59,229] {DEBUG} - Recipe: {'10': '1'}
[2025-03-20 14:35:59,230] {DEBUG} - Recipe: {'1': '20', '3': '1', '10': '0.3'}
[2025-03-20 14:35:59,232] {DEBUG} - Recipe: {'13': '50', '14': '25'}
[2025-03-20 14:35:59,233] {DEBUG} - Menu max amount: {39: 1.5, 40: 100.0, 41: 15.0, 43: 2.02}
[2025-03-20 14:36:47,928] {DEBUG} - Recipe: {'1': '200', '3': '2'}
[2025-03-20 14:36:47,930] {DEBUG} - Recipe: {'10': '1'}
[2025-03-20 14:36:47,931] {DEBUG} - Recipe: {'1': '20', '3': '1', '10': '0.3'}
[2025-03-20 14:36:47,932] {DEBUG} - Recipe: {'13': '50', '14': '25'}
[2025-03-20 14:36:47,932] {DEBUG} - Menu max amount: {39: 1.5, 40: 100.0, 41: 15.0, 43: 2.02}
[2025-03-20 14:36:53,906] {DEBUG} - Recipe: {'1': '200', '3': '2'}
[2025-03-20 14:36:53,910] {DEBUG} - Recipe: {'10': '1'}
[2025-03-20 14:36:53,913] {DEBUG} - Recipe: {'1': '20', '3': '1', '10': '0.3'}
[2025-03-20 14:36:53,916] {DEBUG} - Recipe: {'13': '50', '14': '25'}
[2025-03-20 14:36:53,918] {DEBUG} - Menu max amount: {39: 1.5, 40: 100.0, 41: 15.0, 43: 2.02}
[2025-03-20 14:38:33,618] {DEBUG} - Recipe: {'1': '200', '3': '2'}
[2025-03-20 14:38:33,621] {DEBUG} - Recipe: {'10': '1'}
[2025-03-20 14:38:33,623] {DEBUG} - Recipe: {'1': '20', '3': '1', '10': '0.3'}
[2025-03-20 14:38:33,625] {DEBUG} - Recipe: {'13': '50', '14': '25'}
[2025-03-20 14:38:33,627] {DEBUG} - Menu max amount: {39: 1.5, 40: 100.0, 41: 15.0, 43: 2.02}
[2025-03-20 14:39:13,925] {DEBUG} - Recipe: {'1': '200', '3': '2'}
[2025-03-20 14:39:13,927] {DEBUG} - Recipe: {'10': '1'}
[2025-03-20 14:39:13,928] {DEBUG} - Recipe: {'1': '20', '3': '1', '10': '0.3'}
[2025-03-20 14:39:13,929] {DEBUG} - Recipe: {'13': '50', '14': '25'}
[2025-03-20 14:39:13,930] {DEBUG} - Menu max amount: {39: 1.5, 40: 100.0, 41: 15.0, 43: 2.02}
[2025-03-20 14:40:22,109] {DEBUG} - Recipe: {'1': '200', '3': '2'}
[2025-03-20 14:40:22,112] {DEBUG} - Recipe: {'10': '1'}
[2025-03-20 14:40:22,113] {DEBUG} - Recipe: {'1': '20', '3': '1', '10': '0.3'}
[2025-03-20 14:40:22,116] {DEBUG} - Recipe: {'13': '50', '14': '25'}
[2025-03-20 14:40:22,117] {DEBUG} - Menu max amount: {39: 1.5, 40: 100.0, 41: 15.0, 43: 2.02}
[2025-03-20 14:42:34,607] {DEBUG} - Recipe: {'1': '200', '3': '2'}
[2025-03-20 14:42:34,611] {DEBUG} - Recipe: {'10': '1'}
[2025-03-20 14:42:34,613] {DEBUG} - Recipe: {'1': '20', '3': '1', '10': '0.3'}
[2025-03-20 14:42:34,615] {DEBUG} - Recipe: {'13': '50', '14': '25'}
[2025-03-20 14:42:34,616] {DEBUG} - Menu max amount: {39: 1, 40: 100, 41: 15, 43: 2}
[2025-03-20 14:42:44,829] {DEBUG} - Recipe: {'1': '200', '3': '2'}
[2025-03-20 14:42:44,831] {DEBUG} - Recipe: {'10': '1'}
[2025-03-20 14:42:44,833] {DEBUG} - Recipe: {'1': '20', '3': '1', '10': '0.3'}
[2025-03-20 14:42:44,835] {DEBUG} - Recipe: {'13': '50', '14': '25'}
[2025-03-20 14:42:44,835] {DEBUG} - Menu max amount: {39: 1, 40: 100, 41: 15, 43: 2}
[2025-03-20 14:43:31,072] {DEBUG} - Recipe: {'1': '200', '3': '2'}
[2025-03-20 14:43:31,074] {DEBUG} - Recipe: {'10': '1'}
[2025-03-20 14:43:31,075] {DEBUG} - Recipe: {'1': '20', '3': '1', '10': '0.3'}
[2025-03-20 14:43:31,076] {DEBUG} - Recipe: {'13': '50', '14': '25'}
[2025-03-20 14:43:31,077] {DEBUG} - Menu max amount: {39: 1, 40: 100, 41: 15, 43: 2}
[2025-03-20 14:43:48,578] {DEBUG} - Recipe: {'1': '200', '3': '2'}
[2025-03-20 14:43:48,579] {DEBUG} - Recipe: {'10': '1'}
[2025-03-20 14:43:48,580] {DEBUG} - Recipe: {'1': '20', '3': '1', '10': '0.3'}
[2025-03-20 14:43:48,581] {DEBUG} - Recipe: {'13': '50', '14': '25'}
[2025-03-20 14:43:48,582] {DEBUG} - Menu max amount: {39: 1, 40: 100, 41: 15, 43: 2}
[2025-03-20 14:44:55,738] {DEBUG} - Recipe: {'1': '200', '3': '2'}
[2025-03-20 14:44:55,740] {DEBUG} - Recipe: {'10': '1'}
[2025-03-20 14:44:55,741] {DEBUG} - Recipe: {'1': '20', '3': '1', '10': '0.3'}
[2025-03-20 14:44:55,742] {DEBUG} - Recipe: {'13': '50', '14': '25'}
[2025-03-20 14:44:55,743] {DEBUG} - Menu max amount: {39: 1, 40: 100, 41: 15, 43: 2}
[2025-03-20 14:51:07,925] {DEBUG} - Recipe: {'1': '200', '3': '2'}
[2025-03-20 14:51:07,927] {DEBUG} - Recipe: {'10': '1'}
[2025-03-20 14:51:07,929] {DEBUG} - Recipe: {'1': '20', '3': '1', '10': '0.3'}
[2025-03-20 14:51:07,930] {DEBUG} - Recipe: {'13': '50', '14': '25'}
[2025-03-20 14:51:07,932] {DEBUG} - Menu max amount: {39: 1, 40: 100, 41: 15, 43: 2}
[2025-03-20 14:53:04,179] {DEBUG} - Recipe: {'1': '200', '3': '2'}
[2025-03-20 14:53:04,181] {DEBUG} - Recipe: {'10': '1'}
[2025-03-20 14:53:04,183] {DEBUG} - Recipe: {'1': '20', '3': '1', '10': '0.3'}
[2025-03-20 14:53:04,184] {DEBUG} - Recipe: {'13': '50', '14': '25'}
[2025-03-20 14:53:04,184] {DEBUG} - Menu max amount: {39: 1, 40: 100, 41: 15, 43: 2}
[2025-03-20 14:53:06,290] {DEBUG} - Ingredient: 1
[2025-03-20 14:53:06,290] {DEBUG} - Ingredient quantity: 20
[2025-03-20 14:54:40,040] {DEBUG} - Ingredient: 1
[2025-03-20 14:54:40,041] {DEBUG} - Ingredient quantity: 20
[2025-03-20 14:54:40,041] {DEBUG} - Quantity: 
[2025-03-20 14:55:00,463] {DEBUG} - Ingredient: 1
[2025-03-20 14:55:00,464] {DEBUG} - Ingredient quantity: 200
[2025-03-20 14:55:00,464] {DEBUG} - Quantity: 2
[2025-03-20 14:55:26,961] {DEBUG} - Ingredient: 1
[2025-03-20 14:55:26,961] {DEBUG} - Ingredient quantity: 200
[2025-03-20 14:55:26,962] {DEBUG} - Quantity: 2
[2025-03-20 14:55:26,962] {DEBUG} - Ingredient: 3
[2025-03-20 14:55:26,962] {DEBUG} - Ingredient quantity: 2
[2025-03-20 14:55:26,962] {DEBUG} - Quantity: 2
[2025-03-20 14:55:54,499] {DEBUG} - Ingredients: {1: 'orange jelly', 2: 'eggs', 3: 'cane sugar', 10: 'milk', 13: 'for test 1', 14: 'for test 2'}
[2025-03-20 14:55:58,729] {DEBUG} - Ingredients: {1: 'orange jelly', 2: 'eggs', 3: 'cane sugar', 10: 'milk', 13: 'for test 1', 14: 'for test 2'}
[2025-03-20 14:56:09,174] {DEBUG} - Recipe: {'1': '200', '3': '2'}
[2025-03-20 14:56:09,175] {DEBUG} - Recipe: {'10': '1'}
[2025-03-20 14:56:09,177] {DEBUG} - Recipe: {'1': '20', '3': '1', '10': '0.3'}
[2025-03-20 14:56:09,179] {DEBUG} - Recipe: {'13': '50', '14': '25'}
[2025-03-20 14:56:09,180] {DEBUG} - Menu max amount: {39: 1, 40: 100, 41: 15, 43: 2}
[2025-03-20 14:56:12,690] {DEBUG} - Ingredient: 1
[2025-03-20 14:56:12,690] {DEBUG} - Ingredient quantity: 200
[2025-03-20 14:56:12,690] {DEBUG} - Quantity: 2
[2025-03-20 14:56:12,691] {DEBUG} - Ingredient: 3
[2025-03-20 14:56:12,691] {DEBUG} - Ingredient quantity: 2
[2025-03-20 14:56:12,691] {DEBUG} - Quantity: 2
[2025-03-20 14:57:07,393] {DEBUG} - Recipe: {'1': '200', '3': '2'}
[2025-03-20 14:57:07,395] {DEBUG} - Recipe: {'10': '1'}
[2025-03-20 14:57:07,396] {DEBUG} - Recipe: {'1': '20', '3': '1', '10': '0.3'}
[2025-03-20 14:57:07,397] {DEBUG} - Recipe: {'13': '50', '14': '25'}
[2025-03-20 14:57:07,398] {DEBUG} - Menu max amount: {39: 1, 40: 100, 41: 15, 43: 2}
[2025-03-20 14:57:10,025] {DEBUG} - Ingredient: 10
[2025-03-20 14:57:10,025] {DEBUG} - Ingredient quantity: 1
[2025-03-20 14:57:10,025] {DEBUG} - Quantity: 1
[2025-03-20 14:57:48,398] {DEBUG} - Recipe: {'1': '200', '3': '2'}
[2025-03-20 14:57:48,400] {DEBUG} - Recipe: {'10': '1'}
[2025-03-20 14:57:48,401] {DEBUG} - Recipe: {'1': '20', '3': '1', '10': '0.3'}
[2025-03-20 14:57:48,402] {DEBUG} - Recipe: {'13': '50', '14': '25'}
[2025-03-20 14:57:48,403] {DEBUG} - Menu max amount: {39: 1, 40: 100, 41: 15, 43: 2}
[2025-03-20 14:57:51,318] {DEBUG} - Ingredient: 10
[2025-03-20 14:57:51,319] {DEBUG} - Ingredient quantity: 1
[2025-03-20 14:57:51,319] {DEBUG} - Quantity: 1
[2025-03-20 15:00:27,139] {DEBUG} - Recipe: {'1': '200', '3': '2'}
[2025-03-20 15:00:27,141] {DEBUG} - Recipe: {'10': '1'}
[2025-03-20 15:00:27,142] {DEBUG} - Recipe: {'1': '20', '3': '1', '10': '0.3'}
[2025-03-20 15:00:27,143] {DEBUG} - Recipe: {'13': '50', '14': '25'}
[2025-03-20 15:00:27,143] {DEBUG} - Menu max amount: {39: 1, 40: 100, 41: 15, 43: 2}
[2025-03-20 15:00:29,544] {DEBUG} - Ingredient: 10
[2025-03-20 15:00:29,544] {DEBUG} - Ingredient quantity: 1
[2025-03-20 15:00:29,544] {DEBUG} - Quantity: 1
[2025-03-20 15:01:01,620] {DEBUG} - Recipe: {'1': '200', '3': '2'}
[2025-03-20 15:01:01,622] {DEBUG} - Recipe: {'10': '1'}
[2025-03-20 15:01:01,624] {DEBUG} - Recipe: {'1': '20', '3': '1', '10': '0.3'}
[2025-03-20 15:01:01,625] {DEBUG} - Recipe: {'13': '50', '14': '25'}
[2025-03-20 15:01:01,627] {DEBUG} - Menu max amount: {39: 1, 40: 100, 41: 15, 43: 2}
[2025-03-20 15:01:03,173] {DEBUG} - Ingredient: 1
[2025-03-20 15:01:03,174] {DEBUG} - Ingredient quantity: 200
[2025-03-20 15:01:03,174] {DEBUG} - Quantity: 
[2025-03-20 15:02:33,708] {DEBUG} - Recipe: {'1': '200', '3': '2'}
[2025-03-20 15:02:33,709] {DEBUG} - Recipe: {'10': '1'}
[2025-03-20 15:02:33,710] {DEBUG} - Recipe: {'1': '20', '3': '1', '10': '0.3'}
[2025-03-20 15:02:33,711] {DEBUG} - Recipe: {'13': '50', '14': '25'}
[2025-03-20 15:02:33,712] {DEBUG} - Menu max amount: {39: 1, 40: 100, 41: 15, 43: 2}
[2025-03-20 15:02:37,032] {DEBUG} - Ingredient: 1
[2025-03-20 15:02:37,032] {DEBUG} - Ingredient quantity: 200
[2025-03-20 15:02:37,032] {DEBUG} - Quantity: 
[2025-03-20 15:04:33,984] {DEBUG} - Ingredient: 1
[2025-03-20 15:04:33,984] {DEBUG} - Ingredient quantity: 200
[2025-03-20 15:04:33,984] {DEBUG} - Quantity: 
[2025-03-20 15:04:39,455] {DEBUG} - Recipe: {'1': '200', '3': '2'}
[2025-03-20 15:04:39,458] {DEBUG} - Recipe: {'10': '1'}
[2025-03-20 15:04:39,459] {DEBUG} - Recipe: {'1': '20', '3': '1', '10': '0.3'}
[2025-03-20 15:04:39,461] {DEBUG} - Recipe: {'13': '50', '14': '25'}
[2025-03-20 15:04:39,462] {DEBUG} - Menu max amount: {39: 1, 40: 100, 41: 15, 43: 2}
[2025-03-20 15:04:52,417] {DEBUG} - Ingredient: 1
[2025-03-20 15:04:52,417] {DEBUG} - Ingredient quantity: 200
[2025-03-20 15:04:52,418] {DEBUG} - Quantity: 1
[2025-03-20 15:04:52,418] {DEBUG} - Ingredient: 3
[2025-03-20 15:04:52,418] {DEBUG} - Ingredient quantity: 2
[2025-03-20 15:04:52,419] {DEBUG} - Quantity: 1
[2025-03-20 15:05:37,870] {DEBUG} - Ingredient: 1
[2025-03-20 15:05:37,871] {DEBUG} - Ingredient quantity: 200
[2025-03-20 15:05:37,871] {DEBUG} - Quantity: 1
[2025-03-20 15:05:37,871] {DEBUG} - Ingredient: 3
[2025-03-20 15:05:37,872] {DEBUG} - Ingredient quantity: 2
[2025-03-20 15:05:37,872] {DEBUG} - Quantity: 1
[2025-03-20 15:06:04,635] {DEBUG} - Ingredient: 10
[2025-03-20 15:06:04,636] {DEBUG} - Ingredient quantity: 1
[2025-03-20 15:06:04,636] {DEBUG} - Quantity: 1
[2025-03-20 15:06:04,637] {DEBUG} - Items: 39 milkshake
[2025-03-20 15:06:33,052] {DEBUG} - Ingredient: 1
[2025-03-20 15:06:33,052] {DEBUG} - Ingredient quantity: 200
[2025-03-20 15:06:33,052] {DEBUG} - Quantity: 1
[2025-03-20 15:06:33,052] {DEBUG} - Ingredient: 3
[2025-03-20 15:06:33,052] {DEBUG} - Ingredient quantity: 2
[2025-03-20 15:06:33,053] {DEBUG} - Quantity: 1
[2025-03-20 15:06:33,054] {DEBUG} - Items: 39 milkshake
[2025-03-20 15:06:48,366] {DEBUG} - Recipe: {'1': '200', '3': '2'}
[2025-03-20 15:06:48,368] {DEBUG} - Recipe: {'10': '1'}
[2025-03-20 15:06:48,369] {DEBUG} - Recipe: {'1': '20', '3': '1', '10': '0.3'}
[2025-03-20 15:06:48,371] {DEBUG} - Recipe: {'13': '50', '14': '25'}
[2025-03-20 15:06:48,372] {DEBUG} - Menu max amount: {39: 1, 40: 100, 41: 15, 43: 2}
[2025-03-20 15:06:51,491] {DEBUG} - Ingredient: 1
[2025-03-20 15:06:51,491] {DEBUG} - Ingredient quantity: 20
[2025-03-20 15:06:51,491] {DEBUG} - Quantity: 1
[2025-03-20 15:06:51,493] {DEBUG} - Ingredient: 3
[2025-03-20 15:06:51,494] {DEBUG} - Ingredient quantity: 1
[2025-03-20 15:06:51,494] {DEBUG} - Quantity: 1
[2025-03-20 15:06:51,494] {DEBUG} - Ingredient: 10
[2025-03-20 15:06:51,494] {DEBUG} - Ingredient quantity: 0.3
[2025-03-20 15:06:51,494] {DEBUG} - Quantity: 1
[2025-03-20 15:06:51,495] {DEBUG} - Items: 39 milkshake
[2025-03-20 15:07:05,654] {DEBUG} - Ingredient: 1
[2025-03-20 15:07:05,655] {DEBUG} - Ingredient quantity: 200
[2025-03-20 15:07:05,655] {DEBUG} - Quantity: 1
[2025-03-20 15:07:05,655] {DEBUG} - Ingredient: 3
[2025-03-20 15:07:05,655] {DEBUG} - Ingredient quantity: 2
[2025-03-20 15:07:05,655] {DEBUG} - Quantity: 1
[2025-03-20 15:07:05,656] {DEBUG} - Items: <QuerySet [<MenuItem: 39 milkshake>, <MenuItem: 40 coffe>, <MenuItem: 41 Django cafe coffe>, <MenuItem: 43 test 2>]>
[2025-03-20 15:10:13,632] {DEBUG} - Ingredient: 10
[2025-03-20 15:10:13,633] {DEBUG} - Ingredient quantity: 1
[2025-03-20 15:10:13,633] {DEBUG} - Quantity: 1
[2025-03-20 15:10:13,634] {DEBUG} - Items: <QuerySet [<MenuItem: 39 milkshake>, <MenuItem: 40 coffe>, <MenuItem: 41 Django cafe coffe>, <MenuItem: 43 test 2>]>
[2025-03-20 15:11:47,554] {DEBUG} - Ingredient: 1
[2025-03-20 15:11:47,555] {DEBUG} - Ingredient quantity: 200
[2025-03-20 15:11:47,555] {DEBUG} - Quantity: 1
[2025-03-20 15:11:47,555] {DEBUG} - Ingredient: 3
[2025-03-20 15:11:47,555] {DEBUG} - Ingredient quantity: 2
[2025-03-20 15:11:47,556] {DEBUG} - Quantity: 1
[2025-03-20 15:11:47,556] {DEBUG} - Items: <QuerySet [<MenuItem: 39 milkshake>, <MenuItem: 40 coffe>, <MenuItem: 41 Django cafe coffe>, <MenuItem: 43 test 2>]>
[2025-03-20 15:13:24,193] {DEBUG} - Ingredients: {1: 'orange jelly', 2: 'eggs', 3: 'cane sugar', 10: 'milk', 13: 'for test 1', 14: 'for test 2'}
[2025-03-20 15:13:30,130] {DEBUG} - Ingredients: {1: 'orange jelly', 2: 'eggs', 3: 'cane sugar', 10: 'milk', 13: 'for test 1', 14: 'for test 2'}
[2025-03-20 15:13:40,897] {DEBUG} - Ingredients: {1: 'orange jelly', 2: 'eggs', 3: 'cane sugar', 10: 'milk', 13: 'for test 1', 14: 'for test 2'}
[2025-03-20 15:17:06,218] {DEBUG} - Recipe: {'1': '200', '3': '2'}
[2025-03-20 15:17:06,223] {DEBUG} - Recipe: {'10': '1'}
[2025-03-20 15:17:06,225] {DEBUG} - Recipe: {'1': '20', '3': '1', '10': '0.3'}
[2025-03-20 15:17:06,227] {DEBUG} - Recipe: {'13': '50', '14': '25'}
[2025-03-20 15:17:06,228] {DEBUG} - Menu max amount: {39: 1, 40: 100, 41: 15, 43: 2}
[2025-03-20 15:17:10,510] {DEBUG} - Ingredient: 10
[2025-03-20 15:17:10,510] {DEBUG} - Ingredient quantity: 1
[2025-03-20 15:17:10,510] {DEBUG} - Items: <QuerySet [<MenuItem: 39 milkshake>, <MenuItem: 40 coffe>, <MenuItem: 41 Django cafe coffe>, <MenuItem: 43 test 2>]>
[2025-03-20 15:18:06,725] {DEBUG} - Recipe: {'1': '200', '3': '2'}
[2025-03-20 15:18:06,727] {DEBUG} - Recipe: {'10': '1'}
[2025-03-20 15:18:06,729] {DEBUG} - Recipe: {'1': '20', '3': '1', '10': '0.3'}
[2025-03-20 15:18:06,730] {DEBUG} - Recipe: {'13': '50', '14': '25'}
[2025-03-20 15:18:06,730] {DEBUG} - Menu max amount: {39: 1, 40: 100, 41: 15, 43: 2}
[2025-03-20 15:18:08,519] {DEBUG} - Ingredient: 10
[2025-03-20 15:18:08,519] {DEBUG} - Ingredient quantity: 1
[2025-03-20 15:18:08,519] {DEBUG} - : 1.0
[2025-03-20 15:18:08,520] {DEBUG} - Items: <QuerySet [<MenuItem: 39 milkshake>, <MenuItem: 40 coffe>, <MenuItem: 41 Django cafe coffe>, <MenuItem: 43 test 2>]>
[2025-03-20 15:18:25,861] {DEBUG} - Recipe: {'1': '200', '3': '2'}
[2025-03-20 15:18:25,863] {DEBUG} - Recipe: {'10': '1'}
[2025-03-20 15:18:25,865] {DEBUG} - Recipe: {'1': '20', '3': '1', '10': '0.3'}
[2025-03-20 15:18:25,866] {DEBUG} - Recipe: {'13': '50', '14': '25'}
[2025-03-20 15:18:25,866] {DEBUG} - Menu max amount: {39: 1, 40: 100, 41: 15, 43: 2}
[2025-03-20 15:18:27,534] {DEBUG} - Ingredient: 10
[2025-03-20 15:18:27,534] {DEBUG} - Ingredient quantity: 1
[2025-03-20 15:18:27,534] {DEBUG} - : 1.0
[2025-03-20 15:18:37,107] {DEBUG} - Recipe: {'1': '200', '3': '2'}
[2025-03-20 15:18:37,109] {DEBUG} - Recipe: {'10': '1'}
[2025-03-20 15:18:37,111] {DEBUG} - Recipe: {'1': '20', '3': '1', '10': '0.3'}
[2025-03-20 15:18:37,113] {DEBUG} - Recipe: {'13': '50', '14': '25'}
[2025-03-20 15:18:37,114] {DEBUG} - Menu max amount: {39: 1, 40: 100, 41: 15, 43: 2}
[2025-03-20 15:19:52,664] {DEBUG} - Recipe: {'1': '200', '3': '2'}
[2025-03-20 15:19:52,668] {DEBUG} - Recipe: {'10': '1'}
[2025-03-20 15:19:52,670] {DEBUG} - Recipe: {'1': '20', '3': '1', '10': '0.3'}
[2025-03-20 15:19:52,671] {DEBUG} - Recipe: {'13': '50', '14': '25'}
[2025-03-20 15:19:52,672] {DEBUG} - Menu max amount: {39: 1, 40: 100, 41: 15, 43: 2}
[2025-03-20 15:19:56,687] {DEBUG} - Ingredient: 10
[2025-03-20 15:19:56,687] {DEBUG} - Ingredient quantity: 1
[2025-03-20 15:19:56,687] {DEBUG} - : 1000.0
[2025-03-20 15:19:58,156] {DEBUG} - Recipe: {'1': '200', '3': '2'}
[2025-03-20 15:19:58,157] {DEBUG} - Recipe: {'10': '1'}
[2025-03-20 15:19:58,158] {DEBUG} - Recipe: {'1': '20', '3': '1', '10': '0.3'}
[2025-03-20 15:19:58,160] {DEBUG} - Recipe: {'13': '50', '14': '25'}
[2025-03-20 15:19:58,161] {DEBUG} - Menu max amount: {39: 1, 40: 100, 41: 15, 43: 2}
[2025-03-20 15:20:29,185] {DEBUG} - Ingredient: 10
[2025-03-20 15:20:29,185] {DEBUG} - Ingredient quantity: 1
[2025-03-20 15:20:29,186] {DEBUG} - : 99.0
[2025-03-20 15:20:29,187] {DEBUG} - Items: <QuerySet [<MenuItem: 39 milkshake>, <MenuItem: 40 coffe>, <MenuItem: 41 Django cafe coffe>, <MenuItem: 43 test 2>]>
[2025-03-20 15:22:55,685] {DEBUG} - Ingredients: {'15': '2'}
[2025-03-20 15:23:01,280] {DEBUG} - Recipe: {'1': '200', '3': '2'}
[2025-03-20 15:23:01,281] {DEBUG} - Recipe: {'10': '1'}
[2025-03-20 15:23:01,283] {DEBUG} - Recipe: {'1': '20', '3': '1', '10': '0.3'}
[2025-03-20 15:23:01,284] {DEBUG} - Recipe: {'13': '50', '14': '25'}
[2025-03-20 15:23:01,286] {DEBUG} - Recipe: {'15': '2'}
[2025-03-20 15:23:01,287] {DEBUG} - Menu max amount: {39: 1, 40: 100, 41: 15, 43: 2, 44: 50}
[2025-03-20 15:23:07,116] {DEBUG} - Ingredient: 15
[2025-03-20 15:23:07,116] {DEBUG} - Ingredient quantity: 2
[2025-03-20 15:23:07,131] {DEBUG} - Items: <QuerySet [<MenuItem: 39 milkshake>, <MenuItem: 40 coffe>, <MenuItem: 41 Django cafe coffe>, <MenuItem: 43 test 2>, <MenuItem: 44 1>]>
[2025-03-20 15:23:10,552] {DEBUG} - Recipe: {'1': '200', '3': '2'}
[2025-03-20 15:23:10,554] {DEBUG} - Recipe: {'10': '1'}
[2025-03-20 15:23:10,556] {DEBUG} - Recipe: {'1': '20', '3': '1', '10': '0.3'}
[2025-03-20 15:23:10,558] {DEBUG} - Recipe: {'13': '50', '14': '25'}
[2025-03-20 15:23:10,560] {DEBUG} - Recipe: {'15': '2'}
[2025-03-20 15:23:10,561] {DEBUG} - Menu max amount: {39: 1, 40: 100, 41: 15, 43: 2, 44: 49}
